Fri Mar  2 15:52:59 AST 2018 [Info] Skipped git push
Fri Mar  2 15:53:43 AST 2018 [Info] Pushing to git
Mon Mar 12 22:07:19 ADT 2018 [Error] Invalid choice: 'y' for git push
Mon Mar 12 22:07:39 ADT 2018 [Error] Invalid choice: 'y' for git push
Mon Mar 12 22:11:57 ADT 2018 [Info] Pushing to git
Mon Mar 12 22:16:43 ADT 2018 [Info] Pushing to git
Mon Mar 12 22:22:16 ADT 2018 [Info] Pushing to git
Mon Mar 12 22:23:05 ADT 2018 [Info] Pushing to git
Mon Mar 12 22:23:17 ADT 2018 [Info] Pushing to git
Mon Mar 12 22:24:00 ADT 2018 [Info] Pushing to git
Mon Mar 12 22:25:18 ADT 2018 [Info] Pushing to git
Mon Mar 12 22:26:47 ADT 2018 [Info] Pushing to git
Mon Mar 12 22:27:21 ADT 2018 [Info] Pushing to git
Mon Mar 12 22:29:09 ADT 2018 [Info] Pushing to git
Tue Mar 13 01:08:00 ADT 2018 [Info] Skipped git push
Tue Mar 13 01:13:55 ADT 2018 [Info] Pushing to git
Tue Mar 13 01:15:03 ADT 2018 [Info] Pushing to git
Tue Mar 13 01:18:27 ADT 2018 [Info] Pushing to git
Tue Mar 13 01:24:14 ADT 2018 [Info] Pushing to git
Tue Mar 13 22:31:14 ADT 2018 [Info] Skipped git push
